  Attributes.cpp
  Block.cpp
  CSS_Parsing.cpp
D:\programy\Procesor_CSS\CSS_Parsing.cpp(9,35): warning C4267: 'initializing': conversion from 'size_t' to 'int', possible loss of data
D:\programy\Procesor_CSS\CSS_Parsing.cpp(21,35): warning C4267: 'initializing': conversion from 'size_t' to 'int', possible loss of data
D:\programy\Procesor_CSS\CSS_Parsing.cpp(29,35): warning C4267: 'initializing': conversion from 'size_t' to 'int', possible loss of data
D:\programy\Procesor_CSS\CSS_Parsing.cpp(73,35): warning C4267: 'initializing': conversion from 'size_t' to 'int', possible loss of data
D:\programy\Procesor_CSS\CSS_Parsing.cpp(85,35): warning C4267: 'initializing': conversion from 'size_t' to 'int', possible loss of data
D:\programy\Procesor_CSS\CSS_Parsing.cpp(97,35): warning C4267: 'initializing': conversion from 'size_t' to 'int', possible loss of data
D:\programy\Procesor_CSS\CSS_Parsing.cpp(111,39): warning C4267: 'initializing': conversion from 'size_t' to 'int', possible loss of data
D:\programy\Procesor_CSS\CSS_Parsing.cpp(135,35): warning C4267: 'initializing': conversion from 'size_t' to 'int', possible loss of data
D:\programy\Procesor_CSS\CSS_Parsing.cpp(142,39): warning C4267: 'initializing': conversion from 'size_t' to 'int', possible loss of data
D:\programy\Procesor_CSS\CSS_Parsing.cpp(185,17): warning C4267: 'initializing': conversion from 'size_t' to 'int', possible loss of data
  CommandsHandling.cpp
  MainList.cpp
D:\programy\Procesor_CSS\MainList.cpp(166,14): warning C4244: 'initializing': conversion from 'unsigned __int64' to 'int', possible loss of data
D:\programy\Procesor_CSS\MainList.cpp(172,15): warning C4244: 'initializing': conversion from 'unsigned __int64' to 'int', possible loss of data
  Procesor_CSS.cpp
  Selectors.cpp
  String.cpp
D:\programy\Procesor_CSS\String.cpp(57,35): warning C4267: 'initializing': conversion from 'size_t' to 'int', possible loss of data
D:\programy\Procesor_CSS\String.cpp(101,2): warning C4267: 'initializing': conversion from 'size_t' to 'int', possible loss of data
D:\programy\Procesor_CSS\String.cpp(103,19): warning C4244: '=': conversion from 'double' to 'unsigned __int64', possible loss of data
  Generating Code...
D:\programy\Procesor_CSS\MainList.cpp(59): warning C4172: returning address of local variable or temporary: sect
  Procesor_CSS.vcxproj -> D:\programy\Procesor_CSS\x64\Debug\Procesor_CSS.exe
